<?xml version="1.0" encoding="UTF-8"?>
<testng-results ignored="0" total="8" passed="8" failed="0" skipped="0">
  <reporter-output>
  </reporter-output>
  <suite started-at="2025-01-26T23:53:01 IST" name="Default suite" finished-at="2025-01-26T23:53:01 IST" duration-ms="184">
    <groups>
    </groups>
    <test started-at="2025-01-26T23:53:01 IST" name="Default test" finished-at="2025-01-26T23:53:01 IST" duration-ms="184">
      <class name="com.tek.testng.EcommerceDemo">
        <test-method signature="register()[pri:0, instance:com.tek.testng.EcommerceDemo@7f485fda]" started-at="2025-01-26T23:53:01 IST" name="register" finished-at="2025-01-26T23:53:01 IST" duration-ms="20" status="PASS">
          <reporter-output>
          </reporter-output>
        </test-method> <!-- register -->
        <test-method signature="login()[pri:1, instance:com.tek.testng.EcommerceDemo@7f485fda]" started-at="2025-01-26T23:53:01 IST" name="login" finished-at="2025-01-26T23:53:01 IST" duration-ms="3" status="PASS">
          <reporter-output>
          </reporter-output>
        </test-method> <!-- login -->
        <test-method signature="login()[pri:1, instance:com.tek.testng.EcommerceDemo@7f485fda]" started-at="2025-01-26T23:53:01 IST" name="login" finished-at="2025-01-26T23:53:01 IST" duration-ms="2" status="PASS">
          <reporter-output>
          </reporter-output>
        </test-method> <!-- login -->
        <test-method signature="myProfile()[pri:2, instance:com.tek.testng.EcommerceDemo@7f485fda]" started-at="2025-01-26T23:53:01 IST" name="myProfile" finished-at="2025-01-26T23:53:01 IST" duration-ms="3" status="PASS">
          <reporter-output>
          </reporter-output>
        </test-method> <!-- myProfile -->
        <test-method signature="search()[pri:3, instance:com.tek.testng.EcommerceDemo@7f485fda]" started-at="2025-01-26T23:53:01 IST" name="search" finished-at="2025-01-26T23:53:01 IST" duration-ms="2" status="PASS">
          <reporter-output>
          </reporter-output>
        </test-method> <!-- search -->
        <test-method signature="orders()[pri:4, instance:com.tek.testng.EcommerceDemo@7f485fda]" started-at="2025-01-26T23:53:01 IST" name="orders" finished-at="2025-01-26T23:53:01 IST" duration-ms="2" status="PASS">
          <reporter-output>
          </reporter-output>
        </test-method> <!-- orders -->
        <test-method signature="cart()[pri:5, instance:com.tek.testng.EcommerceDemo@7f485fda]" started-at="2025-01-26T23:53:01 IST" name="cart" finished-at="2025-01-26T23:53:01 IST" duration-ms="7" status="PASS">
          <reporter-output>
          </reporter-output>
        </test-method> <!-- cart -->
        <test-method signature="wishlist()[pri:6, instance:com.tek.testng.EcommerceDemo@7f485fda]" started-at="2025-01-26T23:53:01 IST" name="wishlist" finished-at="2025-01-26T23:53:01 IST" duration-ms="14" status="PASS">
          <reporter-output>
          </reporter-output>
        </test-method> <!-- wishlist -->
      </class> <!-- com.tek.testng.EcommerceDemo -->
    </test> <!-- Default test -->
  </suite> <!-- Default suite -->
</testng-results>
