<?xml version="1.0" encoding="UTF-8"?>
<!-- Generated by org.testng.reporters.JUnitXMLReporter -->
<testsuite ignored="1" hostname="DESKTOP-B3A25MM" failures="0" tests="8" name="Default test" time="0.184" errors="0" timestamp="2025-01-26T23:53:01 IST">
  <testcase classname="com.tek.testng.EcommerceDemo" name="register" time="0.02"/>
  <testcase classname="com.tek.testng.EcommerceDemo" name="login" time="0.003"/>
  <testcase classname="com.tek.testng.EcommerceDemo" name="login" time="0.002"/>
  <testcase classname="com.tek.testng.EcommerceDemo" name="myProfile" time="0.003"/>
  <testcase classname="com.tek.testng.EcommerceDemo" name="search" time="0.002"/>
  <testcase classname="com.tek.testng.EcommerceDemo" name="orders" time="0.002"/>
  <testcase classname="com.tek.testng.EcommerceDemo" name="cart" time="0.007"/>
  <testcase classname="com.tek.testng.EcommerceDemo" name="wishlist" time="0.014"/>
  <testcase classname="com.tek.testng.EcommerceDemo" name="seller" time="0.0">
    <ignored/>
  </testcase> <!-- seller -->
</testsuite> <!-- Default test -->
